{"total": {"lines":{"total":191,"covered":191,"skipped":0,"pct":100},"statements":{"total":287,"covered":285,"skipped":0,"pct":99.3},"functions":{"total":81,"covered":81,"skipped":0,"pct":100},"branches":{"total":280,"covered":277,"skipped":0,"pct":98.92},"branchesTrue":{"total":0,"covered":0,"skipped":0,"pct":100}}
,"D:\\Projects\\renovation-planner\\.worktrees\\editor-object-ui\\src\\presentation\\editor\\roomEditAction.ts": {"lines":{"total":4,"covered":4,"skipped":0,"pct":100},"functions":{"total":2,"covered":2,"skipped":0,"pct":100},"statements":{"total":5,"covered":5,"skipped":0,"pct":100},"branches":{"total":2,"covered":2,"skipped":0,"pct":100}}
,"D:\\Projects\\renovation-planner\\.worktrees\\editor-object-ui\\src\\presentation\\editor\\roomEditLifecycle.ts": {"lines":{"total":30,"covered":30,"skipped":0,"pct":100},"functions":{"total":11,"covered":11,"skipped":0,"pct":100},"statements":{"total":51,"covered":51,"skipped":0,"pct":100},"branches":{"total":46,"covered":46,"skipped":0,"pct":100}}
,"D:\\Projects\\renovation-planner\\.worktrees\\editor-object-ui\\src\\presentation\\editor\\resize\\InlineRoomDimension.vue": {"lines":{"total":24,"covered":24,"skipped":0,"pct":100},"functions":{"total":7,"covered":7,"skipped":0,"pct":100},"statements":{"total":29,"covered":28,"skipped":0,"pct":96.55},"branches":{"total":29,"covered":27,"skipped":0,"pct":93.1}}
,"D:\\Projects\\renovation-planner\\.worktrees\\editor-object-ui\\src\\presentation\\editor\\resize\\RoomDimensionLabels.vue": {"lines":{"total":29,"covered":29,"skipped":0,"pct":100},"functions":{"total":12,"covered":12,"skipped":0,"pct":100},"statements":{"total":43,"covered":43,"skipped":0,"pct":100},"branches":{"total":54,"covered":54,"skipped":0,"pct":100}}
,"D:\\Projects\\renovation-planner\\.worktrees\\editor-object-ui\\src\\presentation\\editor\\resize\\RoomDimensionTool.ts": {"lines":{"total":6,"covered":6,"skipped":0,"pct":100},"functions":{"total":10,"covered":10,"skipped":0,"pct":100},"statements":{"total":6,"covered":6,"skipped":0,"pct":100},"branches":{"total":0,"covered":0,"skipped":0,"pct":100}}
,"D:\\Projects\\renovation-planner\\.worktrees\\editor-object-ui\\src\\presentation\\editor\\resize\\roomDimensionAction.ts": {"lines":{"total":27,"covered":27,"skipped":0,"pct":100},"functions":{"total":12,"covered":12,"skipped":0,"pct":100},"statements":{"total":39,"covered":39,"skipped":0,"pct":100},"branches":{"total":27,"covered":27,"skipped":0,"pct":100}}
,"D:\\Projects\\renovation-planner\\.worktrees\\editor-object-ui\\src\\presentation\\editor\\resize\\roomDimensionDraft.ts": {"lines":{"total":21,"covered":21,"skipped":0,"pct":100},"functions":{"total":7,"covered":7,"skipped":0,"pct":100},"statements":{"total":33,"covered":33,"skipped":0,"pct":100},"branches":{"total":26,"covered":26,"skipped":0,"pct":100}}
,"D:\\Projects\\renovation-planner\\.worktrees\\editor-object-ui\\src\\presentation\\editor\\selection\\DirectActionPopover.vue": {"lines":{"total":36,"covered":36,"skipped":0,"pct":100},"functions":{"total":15,"covered":15,"skipped":0,"pct":100},"statements":{"total":58,"covered":58,"skipped":0,"pct":100},"branches":{"total":80,"covered":80,"skipped":0,"pct":100}}
,"D:\\Projects\\renovation-planner\\.worktrees\\editor-object-ui\\src\\presentation\\editor\\selection\\directActionContext.ts": {"lines":{"total":14,"covered":14,"skipped":0,"pct":100},"functions":{"total":5,"covered":5,"skipped":0,"pct":100},"statements":{"total":23,"covered":22,"skipped":0,"pct":95.65},"branches":{"total":16,"covered":15,"skipped":0,"pct":93.75}}
}
