{"total": {"lines":{"total":127,"covered":127,"skipped":0,"pct":100},"statements":{"total":180,"covered":180,"skipped":0,"pct":100},"functions":{"total":60,"covered":60,"skipped":0,"pct":100},"branches":{"total":200,"covered":197,"skipped":0,"pct":98.5},"branchesTrue":{"total":0,"covered":0,"skipped":0,"pct":100}}
,"D:\\Projects\\renovation-planner\\.worktrees\\editor-object-ui\\src\\presentation\\components\\HostIcon.vue": {"lines":{"total":4,"covered":4,"skipped":0,"pct":100},"functions":{"total":2,"covered":2,"skipped":0,"pct":100},"statements":{"total":7,"covered":7,"skipped":0,"pct":100},"branches":{"total":2,"covered":2,"skipped":0,"pct":100}}
,"D:\\Projects\\renovation-planner\\.worktrees\\editor-object-ui\\src\\presentation\\editor\\editorIcons.ts": {"lines":{"total":2,"covered":2,"skipped":0,"pct":100},"functions":{"total":0,"covered":0,"skipped":0,"pct":100},"statements":{"total":2,"covered":2,"skipped":0,"pct":100},"branches":{"total":0,"covered":0,"skipped":0,"pct":100}}
,"D:\\Projects\\renovation-planner\\.worktrees\\editor-object-ui\\src\\presentation\\editor\\layers\\zone\\ZoneRenderModel.ts": {"lines":{"total":11,"covered":11,"skipped":0,"pct":100},"functions":{"total":4,"covered":4,"skipped":0,"pct":100},"statements":{"total":13,"covered":13,"skipped":0,"pct":100},"branches":{"total":12,"covered":12,"skipped":0,"pct":100}}
,"D:\\Projects\\renovation-planner\\.worktrees\\editor-object-ui\\src\\presentation\\editor\\layers\\zone\\ZoneShape.vue": {"lines":{"total":11,"covered":11,"skipped":0,"pct":100},"functions":{"total":9,"covered":9,"skipped":0,"pct":100},"statements":{"total":19,"covered":19,"skipped":0,"pct":100},"branches":{"total":0,"covered":0,"skipped":0,"pct":100}}
,"D:\\Projects\\renovation-planner\\.worktrees\\editor-object-ui\\src\\presentation\\editor\\renovation\\RenovationEntry.vue": {"lines":{"total":16,"covered":16,"skipped":0,"pct":100},"functions":{"total":5,"covered":5,"skipped":0,"pct":100},"statements":{"total":20,"covered":20,"skipped":0,"pct":100},"branches":{"total":28,"covered":28,"skipped":0,"pct":100}}
,"D:\\Projects\\renovation-planner\\.worktrees\\editor-object-ui\\src\\presentation\\editor\\renovation\\RenovationLinkedSummary.vue": {"lines":{"total":18,"covered":18,"skipped":0,"pct":100},"functions":{"total":11,"covered":11,"skipped":0,"pct":100},"statements":{"total":27,"covered":27,"skipped":0,"pct":100},"branches":{"total":27,"covered":24,"skipped":0,"pct":88.88}}
,"D:\\Projects\\renovation-planner\\.worktrees\\editor-object-ui\\src\\presentation\\editor\\renovation\\TransformationSummary.vue": {"lines":{"total":11,"covered":11,"skipped":0,"pct":100},"functions":{"total":6,"covered":6,"skipped":0,"pct":100},"statements":{"total":15,"covered":15,"skipped":0,"pct":100},"branches":{"total":20,"covered":20,"skipped":0,"pct":100}}
,"D:\\Projects\\renovation-planner\\.worktrees\\editor-object-ui\\src\\presentation\\editor\\selection\\DirectActionPopover.vue": {"lines":{"total":36,"covered":36,"skipped":0,"pct":100},"functions":{"total":15,"covered":15,"skipped":0,"pct":100},"statements":{"total":58,"covered":58,"skipped":0,"pct":100},"branches":{"total":82,"covered":82,"skipped":0,"pct":100}}
,"D:\\Projects\\renovation-planner\\.worktrees\\editor-object-ui\\src\\presentation\\editor\\shell\\EditorContextBar.vue": {"lines":{"total":11,"covered":11,"skipped":0,"pct":100},"functions":{"total":5,"covered":5,"skipped":0,"pct":100},"statements":{"total":11,"covered":11,"skipped":0,"pct":100},"branches":{"total":21,"covered":21,"skipped":0,"pct":100}}
,"D:\\Projects\\renovation-planner\\.worktrees\\editor-object-ui\\src\\presentation\\editor\\shell\\FloatingPrimaryActions.vue": {"lines":{"total":7,"covered":7,"skipped":0,"pct":100},"functions":{"total":3,"covered":3,"skipped":0,"pct":100},"statements":{"total":8,"covered":8,"skipped":0,"pct":100},"branches":{"total":8,"covered":8,"skipped":0,"pct":100}}
}
